Using pre-set license
Built from '2020.3/staging' branch; Version is '2020.3.48f1 (b805b124c6b7) revision 12060081'; Using compiler version '192528614'; Build Type 'Release'
OS: 'Windows 11  (10.0.22621) 64bit Professional' Language: 'pt' Physical Memory: 8089 MB
BatchMode: 1, IsHumanControllingUs: 0, StartBugReporterOnCrash: 0, Is64bit: 1, IsPro: 0

COMMAND LINE ARGUMENTS:
C:\Program Files\Unity\Hub\Editor\2020.3.48f1\Editor\Unity.exe
-adb2
-batchMode
-noUpm
-name
AssetImportWorker0
-projectPath
C:/Repos/Unity 3D/ObstacleCourse
-logFile
Logs/AssetImportWorker0.log
-srvPort
61855
Successfully changed project path to: C:/Repos/Unity 3D/ObstacleCourse
C:/Repos/Unity 3D/ObstacleCourse
Using Asset Import Pipeline V2.
Player connection [17580] Host "[IP] 192.168.15.23 [Port] 2953007584 [Flags] 2 [Guid] 4076348748 [EditorId] 4076348748 [Version] 1048832 [Id] WindowsEditor(7,DESKTOP-OUBE6KN) [Debug] 1 [PackageName] WindowsEditor [ProjectName] Editor" joined multi-casting on [225.0.0.222:54997]...

Player connection [17580] Host "[IP] 192.168.15.23 [Port] 2953007584 [Flags] 2 [Guid] 4076348748 [EditorId] 4076348748 [Version] 1048832 [Id] WindowsEditor(7,DESKTOP-OUBE6KN) [Debug] 1 [PackageName] WindowsEditor [ProjectName] Editor" joined alternative multi-casting on [225.0.0.222:34997]...

Refreshing native plugins compatible for Editor in 52.22 ms, found 2 plugins.
Preloading 0 native plugins for Editor in 0.00 ms.
Initialize engine version: 2020.3.48f1 (b805b124c6b7)
[Subsystems] Discovering subsystems at path C:/Program Files/Unity/Hub/Editor/2020.3.48f1/Editor/Data/Resources/UnitySubsystems
[Subsystems] Discovering subsystems at path C:/Repos/Unity 3D/ObstacleCourse/Assets
GfxDevice: creating device client; threaded=0
Direct3D:
    Version:  Direct3D 11.0 [level 11.1]
    Renderer: AMD Radeon R7 M460 (ID=0x6900)
    Vendor:   
    VRAM:     2038 MB
    Driver:   27.20.1034.6
Initialize mono
Mono path[0] = 'C:/Program Files/Unity/Hub/Editor/2020.3.48f1/Editor/Data/Managed'
Mono path[1] = 'C:/Program Files/Unity/Hub/Editor/2020.3.48f1/Editor/Data/MonoBleedingEdge/lib/mono/unityjit'
Mono config path = 'C:/Program Files/Unity/Hub/Editor/2020.3.48f1/Editor/Data/MonoBleedingEdge/etc'
Using monoOptions --debugger-agent=transport=dt_socket,embedding=1,server=y,suspend=n,address=127.0.0.1:56756
Begin MonoManager ReloadAssembly
Registering precompiled unity dll's ...
Register platform support module: C:/Program Files/Unity/Hub/Editor/2020.3.48f1/Editor/Data/PlaybackEngines/WebGLSupport/UnityEditor.WebGL.Extensions.dll
Register platform support module: C:/Program Files/Unity/Hub/Editor/2020.3.48f1/Editor/Data/PlaybackEngines/WindowsStandaloneSupport/UnityEditor.WindowsStandalone.Extensions.dll
Registered in 0.001928 seconds.
Native extension for WindowsStandalone target not found
Native extension for WebGL target not found
Refreshing native plugins compatible for Editor in 44.98 ms, found 2 plugins.
Preloading 0 native plugins for Editor in 0.00 ms.
Mono: successfully reloaded assembly
- Completed reload, in  0.690 seconds
Domain Reload Profiling:
	ReloadAssembly (691ms)
		BeginReloadAssembly (68ms)
			ExecutionOrderSort (0ms)
			DisableScriptedObjects (0ms)
			BackupInstance (0ms)
			ReleaseScriptingObjects (0ms)
			CreateAndSetChildDomain (1ms)
		EndReloadAssembly (545ms)
			LoadAssemblies (66ms)
			RebuildTransferFunctionScriptingTraits (0ms)
			SetupTypeCache (190ms)
			ReleaseScriptCaches (0ms)
			RebuildScriptCaches (39ms)
			SetupLoadedEditorAssemblies (203ms)
				LogAssemblyErrors (0ms)
				InitializePlatformSupportModulesInManaged (6ms)
				SetLoadedEditorAssemblies (0ms)
				RefreshPlugins (45ms)
				BeforeProcessingInitializeOnLoad (14ms)
				ProcessInitializeOnLoadAttributes (103ms)
				ProcessInitializeOnLoadMethodAttributes (35ms)
				AfterProcessingInitializeOnLoad (0ms)
				EditorAssembliesLoaded (0ms)
			ExecutionOrderSort2 (0ms)
			AwakeInstancesAfterBackupRestoration (0ms)
Platform modules already initialized, skipping
Registering precompiled user dll's ...
Registered in 0.005231 seconds.
Begin MonoManager ReloadAssembly
Native extension for WindowsStandalone target not found
Native extension for WebGL target not found
Refreshing native plugins compatible for Editor in 0.70 ms, found 2 plugins.
Preloading 0 native plugins for Editor in 0.00 ms.
Mono: successfully reloaded assembly
- Completed reload, in  1.363 seconds
Domain Reload Profiling:
	ReloadAssembly (1364ms)
		BeginReloadAssembly (167ms)
			ExecutionOrderSort (0ms)
			DisableScriptedObjects (5ms)
			BackupInstance (0ms)
			ReleaseScriptingObjects (0ms)
			CreateAndSetChildDomain (22ms)
		EndReloadAssembly (1131ms)
			LoadAssemblies (115ms)
			RebuildTransferFunctionScriptingTraits (0ms)
			SetupTypeCache (373ms)
			ReleaseScriptCaches (0ms)
			RebuildScriptCaches (62ms)
			SetupLoadedEditorAssemblies (485ms)
				LogAssemblyErrors (0ms)
				InitializePlatformSupportModulesInManaged (6ms)
				SetLoadedEditorAssemblies (1ms)
				RefreshPlugins (1ms)
				BeforeProcessingInitializeOnLoad (116ms)
				ProcessInitializeOnLoadAttributes (274ms)
				ProcessInitializeOnLoadMethodAttributes (83ms)
				AfterProcessingInitializeOnLoad (5ms)
				EditorAssembliesLoaded (0ms)
			ExecutionOrderSort2 (0ms)
			AwakeInstancesAfterBackupRestoration (2ms)
Platform modules already initialized, skipping
========================================================================
Worker process is ready to serve import requests
Launched and connected shader compiler UnityShaderCompiler.exe after 0.05 seconds
Refreshing native plugins compatible for Editor in 0.71 ms, found 2 plugins.
Preloading 0 native plugins for Editor in 0.00 ms.
Unloading 2343 Unused Serialized files (Serialized files now loaded: 0)
System memory in use before: 92.2 MB.
System memory in use after: 92.4 MB.

Unloading 52 unused Assets to reduce memory usage. Loaded Objects now: 2756.
Total: 8.264000 ms (FindLiveObjects: 0.295900 ms CreateObjectMapping: 0.182600 ms MarkObjects: 7.680300 ms  DeleteObjects: 0.103500 ms)

AssetImportParameters requested are different than current active one (requested -> active):
  custom:framework-win-MediaFoundation: 216162199b28c13a410421893ffa2e32 -> 
  custom:video-decoder-ogg-theora: a1e56fd34408186e4bbccfd4996cb3dc -> 
  custom:container-muxer-webm: aa71ff27fc2769a1b78a27578f13a17b -> 
  custom:container-demuxer-webm: 4f35f7cbe854078d1ac9338744f61a02 -> 
  custom:container-demuxer-ogg: 62fdf1f143b41e24485cea50d1cbac27 -> 
  custom:video-encoder-webm-vp8: eb34c28f22e8b96e1ab97ce403110664 -> 
  custom:video-decoder-webm-vp8: 9c59270c3fd7afecdb556c50c9e8de78 -> 
  custom:audio-decoder-ogg-vorbis: bf7c407c2cedff20999df2af8eb42d56 -> 
  custom:audio-encoder-webm-vorbis: bf7c407c2cedff20999df2af8eb42d56 -> 
========================================================================
Received Import Request.
  path: Assets/Spinner Material.mat
  artifactKey: Guid(58bc9ce5aa50f0a4cb099084b9b63aca) Importer(815301076,1909f56bfc062723c751e8b465ee728b)
Start importing Assets/Spinner Material.mat using Guid(58bc9ce5aa50f0a4cb099084b9b63aca) Importer(815301076,1909f56bfc062723c751e8b465ee728b)  -> (artifact id: '761e1f913837c02ab58a1746929e387c') in 0.137223 seconds 
========================================================================
Received Import Request.
  Time since last request: 1.598790 seconds.
  path: Assets/Scenes
  artifactKey: Guid(692307d17c0dfb44f9e9831a946e4041) Importer(815301076,1909f56bfc062723c751e8b465ee728b)
Start importing Assets/Scenes using Guid(692307d17c0dfb44f9e9831a946e4041) Importer(815301076,1909f56bfc062723c751e8b465ee728b)  -> (artifact id: 'ec7715473423ae009c30a0775d027f21') in 0.016585 seconds 
========================================================================
Received Import Request.
  Time since last request: 14.057067 seconds.
  path: Assets/Colors
  artifactKey: Guid(d1816e9eb7f532644b08131c40f65fe1) Importer(815301076,1909f56bfc062723c751e8b465ee728b)
Start importing Assets/Colors using Guid(d1816e9eb7f532644b08131c40f65fe1) Importer(815301076,1909f56bfc062723c751e8b465ee728b)  -> (artifact id: 'fa5d4c8e7015ae2d86af8d1b0164a31b') in 0.016701 seconds 
========================================================================
Received Import Request.
  Time since last request: 10.087573 seconds.
  path: Assets/Materials
  artifactKey: Guid(d1816e9eb7f532644b08131c40f65fe1) Importer(815301076,1909f56bfc062723c751e8b465ee728b)
Start importing Assets/Materials using Guid(d1816e9eb7f532644b08131c40f65fe1) Importer(815301076,1909f56bfc062723c751e8b465ee728b)  -> (artifact id: '83014b300861b948ea7e26bba9260bdd') in 0.016638 seconds 
========================================================================
Received Import Request.
  Time since last request: 25.561774 seconds.
  path: Assets/Materials/StartFinish Material.mat
  artifactKey: Guid(09acd274c4348e645907a8106d6e85f8) Importer(815301076,1909f56bfc062723c751e8b465ee728b)
Start importing Assets/Materials/StartFinish Material.mat using Guid(09acd274c4348e645907a8106d6e85f8) Importer(815301076,1909f56bfc062723c751e8b465ee728b)  -> (artifact id: '1aa73f289b582f049ecdf029c0f9d248') in 0.026332 seconds 
========================================================================
Received Import Request.
  Time since last request: 21.769372 seconds.
  path: Assets/Materials/StartFinish Material.mat
  artifactKey: Guid(09acd274c4348e645907a8106d6e85f8) Importer(815301076,1909f56bfc062723c751e8b465ee728b)
Start importing Assets/Materials/StartFinish Material.mat using Guid(09acd274c4348e645907a8106d6e85f8) Importer(815301076,1909f56bfc062723c751e8b465ee728b)  -> (artifact id: '2800bbf13f802706eaaa4517b5d92e15') in 0.023682 seconds 
========================================================================
Received Prepare
Registering precompiled user dll's ...
Registered in 0.007890 seconds.
Begin MonoManager ReloadAssembly
Native extension for WindowsStandalone target not found
Native extension for WebGL target not found
Refreshing native plugins compatible for Editor in 0.71 ms, found 2 plugins.
Preloading 0 native plugins for Editor in 0.00 ms.
Mono: successfully reloaded assembly
- Completed reload, in  1.511 seconds
Domain Reload Profiling:
	ReloadAssembly (1511ms)
		BeginReloadAssembly (249ms)
			ExecutionOrderSort (0ms)
			DisableScriptedObjects (12ms)
			BackupInstance (0ms)
			ReleaseScriptingObjects (0ms)
			CreateAndSetChildDomain (78ms)
		EndReloadAssembly (1172ms)
			LoadAssemblies (174ms)
			RebuildTransferFunctionScriptingTraits (0ms)
			SetupTypeCache (396ms)
			ReleaseScriptCaches (1ms)
			RebuildScriptCaches (51ms)
			SetupLoadedEditorAssemblies (479ms)
				LogAssemblyErrors (0ms)
				InitializePlatformSupportModulesInManaged (6ms)
				SetLoadedEditorAssemblies (1ms)
				RefreshPlugins (1ms)
				BeforeProcessingInitializeOnLoad (106ms)
				ProcessInitializeOnLoadAttributes (271ms)
				ProcessInitializeOnLoadMethodAttributes (89ms)
				AfterProcessingInitializeOnLoad (5ms)
				EditorAssembliesLoaded (0ms)
			ExecutionOrderSort2 (0ms)
			AwakeInstancesAfterBackupRestoration (3ms)
Platform modules already initialized, skipping
Refreshing native plugins compatible for Editor in 0.73 ms, found 2 plugins.
Preloading 0 native plugins for Editor in 0.00 ms.
Unloading 2336 Unused Serialized files (Serialized files now loaded: 0)
System memory in use before: 95.3 MB.
System memory in use after: 95.5 MB.

Unloading 43 unused Assets to reduce memory usage. Loaded Objects now: 2800.
Total: 9.246900 ms (FindLiveObjects: 0.212100 ms CreateObjectMapping: 0.098800 ms MarkObjects: 8.830800 ms  DeleteObjects: 0.104100 ms)

AssetImportParameters requested are different than current active one (requested -> active):
  custom:framework-win-MediaFoundation: 216162199b28c13a410421893ffa2e32 -> 
  custom:video-decoder-ogg-theora: a1e56fd34408186e4bbccfd4996cb3dc -> 
  custom:container-muxer-webm: aa71ff27fc2769a1b78a27578f13a17b -> 
  custom:container-demuxer-webm: 4f35f7cbe854078d1ac9338744f61a02 -> 
  custom:container-demuxer-ogg: 62fdf1f143b41e24485cea50d1cbac27 -> 
  custom:video-encoder-webm-vp8: eb34c28f22e8b96e1ab97ce403110664 -> 
  custom:video-decoder-webm-vp8: 9c59270c3fd7afecdb556c50c9e8de78 -> 
  custom:audio-decoder-ogg-vorbis: bf7c407c2cedff20999df2af8eb42d56 -> 
  custom:audio-encoder-webm-vorbis: bf7c407c2cedff20999df2af8eb42d56 -> 
========================================================================
Received Import Request.
  Time since last request: 1191.206641 seconds.
  path: Assets/Resources
  artifactKey: Guid(b5e7c761fe34a4e40a910fe4b0ca8db3) Importer(815301076,1909f56bfc062723c751e8b465ee728b)
Start importing Assets/Resources using Guid(b5e7c761fe34a4e40a910fe4b0ca8db3) Importer(815301076,1909f56bfc062723c751e8b465ee728b)  -> (artifact id: '2d59132914fdc97e4f4cfdf869d6689b') in 0.021159 seconds 
========================================================================
Received Import Request.
  Time since last request: 20.426827 seconds.
  path: Assets/Prefabs
  artifactKey: Guid(35fb538470e76984eb4b4b729712df76) Importer(815301076,1909f56bfc062723c751e8b465ee728b)
Start importing Assets/Prefabs using Guid(35fb538470e76984eb4b4b729712df76) Importer(815301076,1909f56bfc062723c751e8b465ee728b)  -> (artifact id: 'dec0d1001992e4a601918271e75f7bcc') in 0.015950 seconds 
========================================================================
Received Import Request.
  Time since last request: 17.879416 seconds.
  path: Assets/Prefabs/Player.prefab
  artifactKey: Guid(fd4870ece45e8b2409f47837a3ee54a0) Importer(815301076,1909f56bfc062723c751e8b465ee728b)
Start importing Assets/Prefabs/Player.prefab using Guid(fd4870ece45e8b2409f47837a3ee54a0) Importer(815301076,1909f56bfc062723c751e8b465ee728b)  -> (artifact id: '94cc44feeb27102c3f7e3242cb577471') in 0.118346 seconds 
========================================================================
Received Import Request.
  Time since last request: 33.563034 seconds.
  path: Assets/Prefabs/DropperCube.prefab
  artifactKey: Guid(7c68b5d3d6f3f1840bd8d24a73bfd65a) Importer(815301076,1909f56bfc062723c751e8b465ee728b)
Start importing Assets/Prefabs/DropperCube.prefab using Guid(7c68b5d3d6f3f1840bd8d24a73bfd65a) Importer(815301076,1909f56bfc062723c751e8b465ee728b)  -> (artifact id: '2e12fb760621449cff75d2a35db48956') in 0.053865 seconds 
========================================================================
Received Import Request.
  Time since last request: 4.123315 seconds.
  path: Assets/Prefabs/Spinner.prefab
  artifactKey: Guid(86a70afd5077e604a8b9e97b52f93d72) Importer(815301076,1909f56bfc062723c751e8b465ee728b)
Start importing Assets/Prefabs/Spinner.prefab using Guid(86a70afd5077e604a8b9e97b52f93d72) Importer(815301076,1909f56bfc062723c751e8b465ee728b)  -> (artifact id: 'b101018678307ca5135ae0bdbbc80dfa') in 0.018696 seconds 
========================================================================
Received Import Request.
  Time since last request: 17.331301 seconds.
  path: Assets/Prefabs/Roller.prefab
  artifactKey: Guid(8668bfbc157baf74db0bdc5647c5955f) Importer(815301076,1909f56bfc062723c751e8b465ee728b)
Start importing Assets/Prefabs/Roller.prefab using Guid(8668bfbc157baf74db0bdc5647c5955f) Importer(815301076,1909f56bfc062723c751e8b465ee728b)  -> (artifact id: '83d09c1b6daa63a0cccce1dd70122849') in 0.019522 seconds 
========================================================================
Received Import Request.
  Time since last request: 11.408104 seconds.
  path: Assets/Prefabs/Obstacle.prefab
  artifactKey: Guid(896f723c194e8bf4cba46e0fb6c0f346) Importer(815301076,1909f56bfc062723c751e8b465ee728b)
Start importing Assets/Prefabs/Obstacle.prefab using Guid(896f723c194e8bf4cba46e0fb6c0f346) Importer(815301076,1909f56bfc062723c751e8b465ee728b)  -> (artifact id: '3744863a2cc3e66e49825ec86b9e8bb5') in 0.022408 seconds 
========================================================================
Received Prepare
Registering precompiled user dll's ...
Registered in 0.005710 seconds.
Begin MonoManager ReloadAssembly
Native extension for WindowsStandalone target not found
Native extension for WebGL target not found
Refreshing native plugins compatible for Editor in 2.35 ms, found 2 plugins.
Preloading 0 native plugins for Editor in 0.00 ms.
Mono: successfully reloaded assembly
- Completed reload, in  1.231 seconds
Domain Reload Profiling:
	ReloadAssembly (1231ms)
		BeginReloadAssembly (135ms)
			ExecutionOrderSort (0ms)
			DisableScriptedObjects (6ms)
			BackupInstance (0ms)
			ReleaseScriptingObjects (0ms)
			CreateAndSetChildDomain (43ms)
		EndReloadAssembly (1028ms)
			LoadAssemblies (110ms)
			RebuildTransferFunctionScriptingTraits (0ms)
			SetupTypeCache (329ms)
			ReleaseScriptCaches (1ms)
			RebuildScriptCaches (58ms)
			SetupLoadedEditorAssemblies (428ms)
				LogAssemblyErrors (0ms)
				InitializePlatformSupportModulesInManaged (7ms)
				SetLoadedEditorAssemblies (1ms)
				RefreshPlugins (3ms)
				BeforeProcessingInitializeOnLoad (104ms)
				ProcessInitializeOnLoadAttributes (230ms)
				ProcessInitializeOnLoadMethodAttributes (78ms)
				AfterProcessingInitializeOnLoad (5ms)
				EditorAssembliesLoaded (0ms)
			ExecutionOrderSort2 (0ms)
			AwakeInstancesAfterBackupRestoration (3ms)
Platform modules already initialized, skipping
Refreshing native plugins compatible for Editor in 0.72 ms, found 2 plugins.
Preloading 0 native plugins for Editor in 0.00 ms.
Unloading 2336 Unused Serialized files (Serialized files now loaded: 0)
System memory in use before: 95.5 MB.
System memory in use after: 95.6 MB.

Unloading 44 unused Assets to reduce memory usage. Loaded Objects now: 2806.
Total: 8.502300 ms (FindLiveObjects: 0.222200 ms CreateObjectMapping: 0.130100 ms MarkObjects: 8.071000 ms  DeleteObjects: 0.077700 ms)

AssetImportParameters requested are different than current active one (requested -> active):
  custom:framework-win-MediaFoundation: 216162199b28c13a410421893ffa2e32 -> 
  custom:video-decoder-ogg-theora: a1e56fd34408186e4bbccfd4996cb3dc -> 
  custom:container-muxer-webm: aa71ff27fc2769a1b78a27578f13a17b -> 
  custom:container-demuxer-webm: 4f35f7cbe854078d1ac9338744f61a02 -> 
  custom:container-demuxer-ogg: 62fdf1f143b41e24485cea50d1cbac27 -> 
  custom:video-encoder-webm-vp8: eb34c28f22e8b96e1ab97ce403110664 -> 
  custom:video-decoder-webm-vp8: 9c59270c3fd7afecdb556c50c9e8de78 -> 
  custom:audio-decoder-ogg-vorbis: bf7c407c2cedff20999df2af8eb42d56 -> 
  custom:audio-encoder-webm-vorbis: bf7c407c2cedff20999df2af8eb42d56 -> 
AssetImportWorkerClient::OnTransportError - code=2 error=End of file
